2025-05-26T06:20:41.431Z [ERROR]: Failed to connect to RabbitMQ ,Error  ,AggregateError [ECONNREFUSED]: 
    at internalConnectMultiple (node:net:1121:18)
    at afterConnectMultiple (node:net:1688:7)
2025-05-26T06:22:12.197Z [INFO]: Tickets retrieved successfully by Admin/Agent. User ID: AKZLKTZ7xBzf84i0-bHlL8ECxgDbQlNx, Target User ID: 385b5432-814f-43ee-b309-04d67dad07b3
2025-05-26T06:22:17.221Z [INFO]: Tickets retrieved successfully by Admin/Agent. User ID: AKZLKTZ7xBzf84i0-bHlL8ECxgDbQlNx, Target User ID: 385b5432-814f-43ee-b309-04d67dad07b3
2025-05-26T06:24:53.548Z [INFO]: Tickets retrieved successfully by Admin/Agent. User ID: AKZLKTZ7xBzf84i0-bHlL8ECxgDbQlNx, Target User ID: 385b5432-814f-43ee-b309-04d67dad07b3
2025-05-26T06:25:16.813Z [INFO]: Tickets retrieved successfully by Admin/Agent. User ID: AKZLKTZ7xBzf84i0-bHlL8ECxgDbQlNx, Target User ID: 385b5432-814f-43ee-b309-04d67dad07b3
2025-05-26T06:28:00.205Z [WARN]: Unauthorized role attempting to access tickets. User ID: YNXnapMgSHWWEQAAAVRzgLH_-A6IGXy1, Role: undefined
2025-05-26T06:28:23.740Z [WARN]: Unauthorized role attempting to access tickets. User ID: igMi3rf-uU-WxfJAP89I79O1HWb1EfU8, Role: undefined
2025-05-26T06:29:44.824Z [WARN]: Unauthorized role attempting to access tickets. User ID: 0dx9tAiTek5sPOYkXssOGG_AslhICpfE, Role: undefined
2025-05-26T06:36:17.353Z [WARN]: Unauthorized role attempting to access tickets. User ID: iODRqJcDN1rHmqrueLb3fhXDk8v4x6gX, Role: undefined
2025-05-26T06:38:05.398Z [WARN]: Unauthorized role attempting to access tickets. User ID: vuhIahkooJQqbgxnw0j7btkgWi-puLF5, Role: undefined
2025-05-26T06:38:40.914Z [WARN]: Unauthorized role attempting to access tickets. User ID: h1qWktoVOs8UHZhEl-tv6S6rO3HatIX9, Role: undefined
2025-05-26T06:42:23.451Z [WARN]: Unauthorized role attempting to access tickets. User ID: 385b5432-814f-43ee-b309-04d67dad07b3
2025-05-26T06:44:20.395Z [WARN]: Unauthorized role attempting to access tickets. User ID: 385b5432-814f-43ee-b309-04d67dad07b3
2025-05-26T06:45:17.608Z [INFO]: Tickets retrieved successfully by Customer. User ID: YuIefTh_KnQxfyfEluqdqy_u-OQD2Stw
2025-05-26T07:01:26.280Z [ERROR]: Error updating ticket status. Ticket ID: ddf767c4-b6a6-4b50-a76e-d8945d1ad38b, Error: Cannot destructure property 'status' of 'req.body' as it is undefined.
2025-05-26T07:02:05.659Z [ERROR]: Error updating ticket status. Ticket ID: ddf767c4-b6a6-4b50-a76e-d8945d1ad38b, Error: uuidv4 is not defined
2025-05-26T07:05:00.713Z [ERROR]: Error updating ticket status. Ticket ID: ddf767c4-b6a6-4b50-a76e-d8945d1ad38b, Error: uuidv4 is not defined
2025-05-26T07:07:16.214Z [INFO]: Ticket status updated successfully. Ticket ID: ddf767c4-b6a6-4b50-a76e-d8945d1ad38b, Updated By: 18bb3800-af4c-4747-a1ba-9200073968c3, New Status: resolved
2025-05-26T07:16:28.343Z [ERROR]: Error deleting ticket. Ticket ID: ddf767c4-b6a6-4b50-a76e-d8945d1ad38b, Error: Cannot destructure property 'id' of 'req.user' as it is undefined.
2025-05-26T07:19:45.049Z [ERROR]: Error deleting ticket. Ticket ID: ddf767c4-b6a6-4b50-a76e-d8945d1ad38b, Error: Cannot destructure property 'id' of 'req.user' as it is undefined.
2025-05-26T07:20:01.969Z [ERROR]: Error deleting ticket. Ticket ID: ddf767c4-b6a6-4b50-a76e-d8945d1ad38b, Error: Cannot destructure property 'id' of 'req.user' as it is undefined.
2025-05-26T07:21:52.077Z [ERROR]: Error deleting ticket. Ticket ID: ddf767c4-b6a6-4b50-a76e-d8945d1ad38b, Error: Cannot destructure property 'id' of 'req.user' as it is undefined.
2025-05-26T07:22:34.437Z [ERROR]: Error deleting ticket. Ticket ID: ddf767c4-b6a6-4b50-a76e-d8945d1ad38b, Error: Cannot destructure property 'id' of 'req.user' as it is undefined.
2025-05-26T07:33:19.050Z [ERROR]: Error deleting ticket. Ticket ID: ddf767c4-b6a6-4b50-a76e-d8945d1ad38b, Error: role is not defined
2025-05-26T07:36:10.121Z [ERROR]: Failed to delete ticket. Ticket ID: ddf767c4-b6a6-4b50-a76e-d8945d1ad38b
2025-05-26T07:36:49.847Z [INFO]: Ticket deleted successfully. Ticket ID: bed9c28f-ea71-4a82-b93d-c0716a3e6e91, Deleted By: agent
2025-05-26T07:46:31.703Z [INFO]: Ticket created successfully. User ID: 385b5432-814f-43ee-b309-04d67dad07b3, Ticket ID: undefined
2025-05-26T08:00:51.979Z [INFO]: Ticket retrieved successfully. retrived by user ID: cThovaHEp81FoqBFadQ8d6nqXoGkOA_O - Role: agent, Ticket ID: e9357eb3-dbd2-48c5-a56e-8448d56731dc
2025-05-26T08:02:27.513Z [WARN]: Unauthorized access attempt. User ID: 385b5432-814f-43ee-b309-04d67dad07b3, Ticket ID: e9357eb3-dbd2-48c5-a56e-8448d56731dc
2025-05-26T08:03:09.831Z [WARN]: Unauthorized access attempt. User ID: 385b5432-814f-43ee-b309-04d67dad07b3, Ticket ID: e9357eb3-dbd2-48c5-a56e-8448d56731dc
2025-05-26T08:07:35.588Z [WARN]: Unauthorized access attempt. User ID: 385b5432-814f-43ee-b309-04d67dad07b3, Ticket ID: e9357eb3-dbd2-48c5-a56e-8448d56731dc
2025-05-26T08:08:25.171Z [WARN]: Unauthorized access attempt. User ID: 385b5432-814f-43ee-b309-04d67dad07b3, Ticket ID: e9357eb3-dbd2-48c5-a56e-8448d56731dc
2025-05-26T08:09:12.105Z [INFO]: Ticket retrieved successfully. retrived by user ID: 385b5432-814f-43ee-b309-04d67dad07b3 - Role: customer, Ticket ID: e9357eb3-dbd2-48c5-a56e-8448d56731dc
2025-05-26T08:10:49.671Z [INFO]: Ticket retrieved successfully. retrived by user ID: 385b5432-814f-43ee-b309-04d67dad07b3 - Role: customer, Ticket ID: e9357eb3-dbd2-48c5-a56e-8448d56731dc
2025-05-26T08:11:02.590Z [INFO]: Ticket retrieved successfully. retrived by user ID: SVz1lSEV67XFmCEQvJOGMBpirXi38xd_ - Role: agent, Ticket ID: e9357eb3-dbd2-48c5-a56e-8448d56731dc
